<?xml version="1.0" encoding="UTF-8"?>
<testng-results skipped="0" failed="0" total="1" passed="1">
  <reporter-output>
  </reporter-output>
  <suite name="Default suite" duration-ms="14032" started-at="2019-01-26T22:36:16Z" finished-at="2019-01-26T22:36:30Z">
    <groups>
    </groups>
    <test name="Default test" duration-ms="14032" started-at="2019-01-26T22:36:16Z" finished-at="2019-01-26T22:36:30Z">
      <class name="com.pilvo.MessageAPI.TestCases.MessageAPI_TC001">
        <test-method status="PASS" signature="TC001()[pri:0, instance:com.pilvo.MessageAPI.TestCases.MessageAPI_TC001@3a82f6ef]" name="TC001" duration-ms="14020" started-at="2019-01-27T04:06:16Z" finished-at="2019-01-27T04:06:30Z">
          <reporter-output>
          </reporter-output>
        </test-method> <!-- TC001 -->
      </class> <!-- com.pilvo.MessageAPI.TestCases.MessageAPI_TC001 -->
    </test> <!-- Default test -->
  </suite> <!-- Default suite -->
</testng-results>
